8/18 22:45:43.903  ** Loading table of contents Interface\GlueXML\GlueXML.toc
8/18 22:45:43.903  ++ Loading file Interface\GlueXML\CharacterCreate.xml
8/18 22:45:43.903  Frame CharacterCreateTooltip2: Unknown frame strata: TOOLTIP2
8/18 22:45:43.903  SETALLPOINTS set to true in frame with anchors (ignored)
8/18 22:45:43.903  Couldn't find inherited node: QuestFontNormalHuge
8/18 22:45:43.903  Couldn't find inherited node: QuestFontNormalHuge
8/18 22:45:43.903  Couldn't find inherited node: QuestFontNormalHuge
8/18 22:45:43.903  Couldn't find inherited node: QuestFontNormalHuge
8/18 22:45:43.903  Couldn't find inherited node: QuestFontNormalHuge
8/18 22:45:43.903  Couldn't find inherited node: QuestFontNormalHuge
8/18 22:45:43.903  Couldn't find inherited node: QuestFontNormalHuge
8/18 22:45:43.903  Couldn't find inherited node: QuestFontNormalHuge
8/18 22:45:43.903  Couldn't find inherited node: QuestFontNormalHuge
8/18 22:45:43.903  Couldn't find inherited node: QuestFontNormalHuge
8/18 22:45:43.903  Couldn't find relative frame: CharacterCreateClassButton6
8/18 22:45:43.903  Couldn't find inherited node: QuestFontNormalHuge
8/18 22:45:43.903  Texture CharacterCreateAlternateFormTopTop: Unable to load texture file Interface\Glues\CharacterCreate\AlternateForm
8/18 22:45:43.903  Texture CharacterCreateAlternateFormTopHighlight: Unable to load texture file Interface\Glues\CharacterCreate\AlternateForm
8/18 22:45:43.903  Texture CharacterCreateAlternateFormTopPushedTexture: Unable to load texture file Interface\Glues\CharacterCreate\AlternateForm
8/18 22:45:43.903  Texture Bottom: Unable to load texture file Interface\Glues\CharacterCreate\AlternateForm
8/18 22:45:43.903  Texture CharacterCreateAlternateFormBottomHighlight: Unable to load texture file Interface\Glues\CharacterCreate\AlternateForm
8/18 22:45:43.903  Texture CharacterCreateAlternateFormBottomPushedTexture: Unable to load texture file Interface\Glues\CharacterCreate\AlternateForm
8/18 22:45:43.903  Texture CharCreatePreviewFrameLeftEdge: Unable to load texture file Interface\Glues\CharacterCreate\Frame-Sides
8/18 22:45:43.903  Texture <unnamed>: Unable to load texture file Interface\Glues\CharacterCreate\CharacterCreate-Arrow
8/18 22:45:43.903  ++ Loading file Interface\GlueXML\ServerList.xml
8/18 22:45:43.903  Couldn't find relative frame: $parentScrollBarBottom
