8/18 22:45:43.496  => Version 3.3.5 (12340) Jun 24 2010
8/18 22:45:43.496   
8/18 22:45:43.496  => Setting up Game Sound:
8/18 22:45:43.496   - SESound Engine Init
8/18 22:45:43.496   - FMOD Memory Init
8/18 22:45:43.496   - FMOD System Create
8/18 22:45:43.521   - FMOD version 00040907 detected
8/18 22:45:43.521   - Hardware is DISABLED
8/18 22:45:43.521   - Reverb is ENABLED
8/18 22:45:43.527   - 8 Output drivers detected
8/18 22:45:43.527   --- [0] System Default
8/18 22:45:43.540   --- [1] Altavoces (High Definition Audio Device)
8/18 22:45:43.540   --- [2] Chat (4- TC-Helicon GoXLR)
8/18 22:45:43.562   --- [3] Sample (4- TC-Helicon GoXLR)
8/18 22:45:43.573   --- [4] Game (4- TC-Helicon GoXLR)
8/18 22:45:43.573   --- [5] Music (4- TC-Helicon GoXLR)
8/18 22:45:43.594   --- [6] System (4- TC-Helicon GoXLR)
8/18 22:45:43.606   --- [7] Auriculares (Oculus Virtual Audio Device)
8/18 22:45:43.627   - Using [0] System Default for Game Output
8/18 22:45:43.627   - Using 32 channels.
8/18 22:45:43.638   - DSPBufferSize = AUTO DETECT
8/18 22:45:43.638   - Detected Control Panel Speaker Mode = QUAD
8/18 22:45:43.638   - Setting WoW Speaker Mode to QUAD
8/18 22:45:43.655   - FMOD System Init OK!
8/18 22:45:43.655  => Game Sound is ready.
8/18 22:45:43.655   
8/18 22:45:43.655  => User Settings Report:
8/18 22:45:43.655   - ========= PLAYBACK =========
8/18 22:45:43.655   - Enable All Sound         [1]
8/18 22:45:43.655   - Enable SFX               [1]
8/18 22:45:43.655   --- Enable Error Speech    [1]
8/18 22:45:43.655   --- Enable Emote Sounds    [1]
8/18 22:45:43.655   - Enable Music             [1]
8/18 22:45:43.655   --- Loop Music             [1]
8/18 22:45:43.655   - Enable Ambient Sounds    [1]
8/18 22:45:43.655   - Sound at Character       [1]
8/18 22:45:43.655   - Sound in Background      [1]
8/18 22:45:43.655   - Enable Reverb            [1]
8/18 22:45:43.655   - Enable Software HRTF     [1]
8/18 22:45:43.664   - Sound Quality            [2]
8/18 22:45:43.664   -
8/18 22:45:43.664   - ========== VOLUME ==========
8/18 22:45:43.664   - Master Volume         [0.50]
8/18 22:45:43.664   - SFX Volume            [1.00]
8/18 22:45:43.664   - Music Volume          [0.30]
8/18 22:45:43.664   - Ambience Volume       [0.40]
8/18 22:45:43.664   -
8/18 22:45:43.664   - =========== MISC ===========
8/18 22:45:43.664   - Sound Channels          [32]
8/18 22:45:43.664   - Use Hardware             [0]
8/18 22:45:43.664   - Mix Mode 2               [0]
8/18 22:45:43.664   - DSP Buffer Size       [AUTO]
8/18 22:45:43.664   - Armor Foley SFX (Self)   [1]
8/18 22:45:43.664   - Armor Foley SFX (Others) [1]
8/18 22:45:43.664  => End of User Settings Report
8/18 22:46:42.720   
8/18 22:46:42.720  => Shutting Down Game Sound
8/18 22:46:42.738  => Done Shutting Down Game Sound
